[0.312s] DEBUG:colcon:Command line arguments: ['/usr/bin/colcon', 'build', '--packages-select', 'p2_kf_adr']
[0.312s] DEBUG:colcon:Parsed command line arguments: Namespace(log_base=None, log_level=None, verb_name='build', build_base='build', install_base='install', merge_install=False, symlink_install=False, test_result_base=None, continue_on_error=False, executor='parallel', parallel_workers=12, event_handlers=None, ignore_user_meta=False, metas=['./colcon.meta'], base_paths=['.'], packages_ignore=None, packages_ignore_regex=None, paths=None, packages_up_to=None, packages_up_to_regex=None, packages_above=None, packages_above_and_dependencies=None, packages_above_depth=None, packages_select_by_dep=None, packages_skip_by_dep=None, packages_skip_up_to=None, packages_select_build_failed=False, packages_skip_build_finished=False, packages_select_test_failures=False, packages_skip_test_passed=False, packages_select=['p2_kf_adr'], packages_skip=None, packages_select_regex=None, packages_skip_regex=None, packages_start=None, packages_end=None, cmake_args=None, cmake_target=None, cmake_target_skip_unavailable=False, cmake_clean_cache=False, cmake_clean_first=False, cmake_force_configure=False, ament_cmake_args=None, catkin_cmake_args=None, catkin_skip_building_tests=False, mixin_files=None, mixin=None, verb_parser=<colcon_mixin.mixin.mixin_argument.MixinArgumentDecorator object at 0x7f4a68e5c580>, verb_extension=<colcon_core.verb.build.BuildVerb object at 0x7f4a68f71420>, main=<bound method BuildVerb.main of <colcon_core.verb.build.BuildVerb object at 0x7f4a68f71420>>, mixin_verb=('build',))
[0.803s] Level 1:colcon.colcon_core.package_discovery:discover_packages(colcon_meta) check parameters
[0.803s] Level 1:colcon.colcon_core.package_discovery:discover_packages(recursive) check parameters
[0.803s] Level 1:colcon.colcon_core.package_discovery:discover_packages(ignore) check parameters
[0.803s] Level 1:colcon.colcon_core.package_discovery:discover_packages(path) check parameters
[0.803s] Level 1:colcon.colcon_core.package_discovery:discover_packages(colcon_meta) discover
[0.804s] Level 1:colcon.colcon_core.package_discovery:discover_packages(recursive) discover
[0.804s] INFO:colcon.colcon_core.package_discovery:Crawling recursively for packages in '/home/student/AdR/p2_ws'
[0.804s] Level 1:colcon.colcon_core.package_identification:_identify(.) by extensions ['ignore', 'ignore_ament_install']
[0.804s] Level 1:colcon.colcon_core.package_identification:_identify(.) by extension 'ignore'
[0.804s] Level 1:colcon.colcon_core.package_identification:_identify(.) by extension 'ignore_ament_install'
[0.804s] Level 1:colcon.colcon_core.package_identification:_identify(.) by extensions ['colcon_pkg']
[0.804s] Level 1:colcon.colcon_core.package_identification:_identify(.) by extension 'colcon_pkg'
[0.804s] Level 1:colcon.colcon_core.package_identification:_identify(.) by extensions ['colcon_meta']
[0.804s] Level 1:colcon.colcon_core.package_identification:_identify(.) by extension 'colcon_meta'
[0.804s] Level 1:colcon.colcon_core.package_identification:_identify(.) by extensions ['ros']
[0.804s] Level 1:colcon.colcon_core.package_identification:_identify(.) by extension 'ros'
[0.830s] Level 1:colcon.colcon_core.package_identification:_identify(.) by extensions ['cmake', 'python']
[0.830s] Level 1:colcon.colcon_core.package_identification:_identify(.) by extension 'cmake'
[0.830s] Level 1:colcon.colcon_core.package_identification:_identify(.) by extension 'python'
[0.830s] Level 1:colcon.colcon_core.package_identification:_identify(.) by extensions ['python_setup_py']
[0.830s] Level 1:colcon.colcon_core.package_identification:_identify(.) by extension 'python_setup_py'
[0.830s] Level 1:colcon.colcon_core.package_identification:_identify(build) by extensions ['ignore', 'ignore_ament_install']
[0.831s] Level 1:colcon.colcon_core.package_identification:_identify(build) by extension 'ignore'
[0.831s] Level 1:colcon.colcon_core.package_identification:_identify(build) ignored
[0.831s] Level 1:colcon.colcon_core.package_identification:_identify(install) by extensions ['ignore', 'ignore_ament_install']
[0.831s] Level 1:colcon.colcon_core.package_identification:_identify(install) by extension 'ignore'
[0.831s] Level 1:colcon.colcon_core.package_identification:_identify(install) ignored
[0.831s] Level 1:colcon.colcon_core.package_identification:_identify(log) by extensions ['ignore', 'ignore_ament_install']
[0.831s] Level 1:colcon.colcon_core.package_identification:_identify(log) by extension 'ignore'
[0.831s] Level 1:colcon.colcon_core.package_identification:_identify(log) ignored
[0.831s] Level 1:colcon.colcon_core.package_identification:_identify(src) by extensions ['ignore', 'ignore_ament_install']
[0.832s] Level 1:colcon.colcon_core.package_identification:_identify(src) by extension 'ignore'
[0.832s] Level 1:colcon.colcon_core.package_identification:_identify(src) by extension 'ignore_ament_install'
[0.832s] Level 1:colcon.colcon_core.package_identification:_identify(src) by extensions ['colcon_pkg']
[0.832s] Level 1:colcon.colcon_core.package_identification:_identify(src) by extension 'colcon_pkg'
[0.832s] Level 1:colcon.colcon_core.package_identification:_identify(src) by extensions ['colcon_meta']
[0.832s] Level 1:colcon.colcon_core.package_identification:_identify(src) by extension 'colcon_meta'
[0.832s] Level 1:colcon.colcon_core.package_identification:_identify(src) by extensions ['ros']
[0.832s] Level 1:colcon.colcon_core.package_identification:_identify(src) by extension 'ros'
[0.832s] Level 1:colcon.colcon_core.package_identification:_identify(src) by extensions ['cmake', 'python']
[0.832s] Level 1:colcon.colcon_core.package_identification:_identify(src) by extension 'cmake'
[0.832s] Level 1:colcon.colcon_core.package_identification:_identify(src) by extension 'python'
[0.832s] Level 1:colcon.colcon_core.package_identification:_identify(src) by extensions ['python_setup_py']
[0.832s] Level 1:colcon.colcon_core.package_identification:_identify(src) by extension 'python_setup_py'
[0.832s] Level 1:colcon.colcon_core.package_identification:_identify(src/p2_kf_adr) by extensions ['ignore', 'ignore_ament_install']
[0.832s] Level 1:colcon.colcon_core.package_identification:_identify(src/p2_kf_adr) by extension 'ignore'
[0.833s] Level 1:colcon.colcon_core.package_identification:_identify(src/p2_kf_adr) by extension 'ignore_ament_install'
[0.833s] Level 1:colcon.colcon_core.package_identification:_identify(src/p2_kf_adr) by extensions ['colcon_pkg']
[0.833s] Level 1:colcon.colcon_core.package_identification:_identify(src/p2_kf_adr) by extension 'colcon_pkg'
[0.833s] Level 1:colcon.colcon_core.package_identification:_identify(src/p2_kf_adr) by extensions ['colcon_meta']
[0.833s] Level 1:colcon.colcon_core.package_identification:_identify(src/p2_kf_adr) by extension 'colcon_meta'
[0.833s] Level 1:colcon.colcon_core.package_identification:_identify(src/p2_kf_adr) by extensions ['ros']
[0.833s] Level 1:colcon.colcon_core.package_identification:_identify(src/p2_kf_adr) by extension 'ros'
[0.838s] DEBUG:colcon.colcon_core.package_identification:Package 'src/p2_kf_adr' with type 'ros.ament_python' and name 'p2_kf_adr'
[0.838s] Level 1:colcon.colcon_core.package_discovery:discover_packages(recursive) using defaults
[0.838s] Level 1:colcon.colcon_core.package_discovery:discover_packages(ignore) discover
[0.838s] Level 1:colcon.colcon_core.package_discovery:discover_packages(ignore) using defaults
[0.838s] Level 1:colcon.colcon_core.package_discovery:discover_packages(path) discover
[0.838s] Level 1:colcon.colcon_core.package_discovery:discover_packages(path) using defaults
[0.885s] Level 5:colcon.colcon_core.verb:set package 'p2_kf_adr' build argument 'cmake_args' from command line to 'None'
[0.885s] Level 5:colcon.colcon_core.verb:set package 'p2_kf_adr' build argument 'cmake_target' from command line to 'None'
[0.885s] Level 5:colcon.colcon_core.verb:set package 'p2_kf_adr' build argument 'cmake_target_skip_unavailable' from command line to 'False'
[0.885s] Level 5:colcon.colcon_core.verb:set package 'p2_kf_adr' build argument 'cmake_clean_cache' from command line to 'False'
[0.885s] Level 5:colcon.colcon_core.verb:set package 'p2_kf_adr' build argument 'cmake_clean_first' from command line to 'False'
[0.885s] Level 5:colcon.colcon_core.verb:set package 'p2_kf_adr' build argument 'cmake_force_configure' from command line to 'False'
[0.885s] Level 5:colcon.colcon_core.verb:set package 'p2_kf_adr' build argument 'ament_cmake_args' from command line to 'None'
[0.885s] Level 5:colcon.colcon_core.verb:set package 'p2_kf_adr' build argument 'catkin_cmake_args' from command line to 'None'
[0.885s] Level 5:colcon.colcon_core.verb:set package 'p2_kf_adr' build argument 'catkin_skip_building_tests' from command line to 'False'
[0.885s] DEBUG:colcon.colcon_core.verb:Building package 'p2_kf_adr' with the following arguments: {'ament_cmake_args': None, 'build_base': '/home/student/AdR/p2_ws/build/p2_kf_adr', 'catkin_cmake_args': None, 'catkin_skip_building_tests': False, 'cmake_args': None, 'cmake_clean_cache': False, 'cmake_clean_first': False, 'cmake_force_configure': False, 'cmake_target': None, 'cmake_target_skip_unavailable': False, 'install_base': '/home/student/AdR/p2_ws/install/p2_kf_adr', 'merge_install': False, 'path': '/home/student/AdR/p2_ws/src/p2_kf_adr', 'symlink_install': False, 'test_result_base': None}
[0.885s] INFO:colcon.colcon_core.executor:Executing jobs using 'parallel' executor
[0.895s] DEBUG:colcon.colcon_parallel_executor.executor.parallel:run_until_complete
[0.895s] INFO:colcon.colcon_ros.task.ament_python.build:Building ROS package in '/home/student/AdR/p2_ws/src/p2_kf_adr' with build type 'ament_python'
[0.895s] Level 1:colcon.colcon_core.shell:create_environment_hook('p2_kf_adr', 'ament_prefix_path')
[0.904s] INFO:colcon.colcon_core.plugin_system:Skipping extension 'colcon_core.shell.bat': Not used on non-Windows systems
[0.904s] INFO:colcon.colcon_core.shell:Creating environment hook '/home/student/AdR/p2_ws/install/p2_kf_adr/share/p2_kf_adr/hook/ament_prefix_path.ps1'
[0.906s] INFO:colcon.colcon_core.shell:Creating environment descriptor '/home/student/AdR/p2_ws/install/p2_kf_adr/share/p2_kf_adr/hook/ament_prefix_path.dsv'
[0.908s] INFO:colcon.colcon_core.shell:Creating environment hook '/home/student/AdR/p2_ws/install/p2_kf_adr/share/p2_kf_adr/hook/ament_prefix_path.sh'
[0.910s] INFO:colcon.colcon_core.shell:Skip shell extension 'powershell' for command environment: Not usable outside of PowerShell
[0.910s] DEBUG:colcon.colcon_core.shell:Skip shell extension 'dsv' for command environment
[1.260s] INFO:colcon.colcon_core.task.python.build:Building Python package in '/home/student/AdR/p2_ws/src/p2_kf_adr'
[1.261s] INFO:colcon.colcon_core.shell:Skip shell extension 'powershell' for command environment: Not usable outside of PowerShell
[1.261s] DEBUG:colcon.colcon_core.shell:Skip shell extension 'dsv' for command environment
[1.942s] DEBUG:colcon.colcon_core.event_handler.log_command:Invoking command in '/home/student/AdR/p2_ws/src/p2_kf_adr': PYTHONPATH=/home/student/AdR/p2_ws/build/p2_kf_adr/prefix_override:/usr/lib/python3/dist-packages/colcon_core/task/python/colcon_distutils_commands:/home/student/AdR/p2_ws/install/p2_kf_adr/lib/python3.10/site-packages:${PYTHONPATH} /usr/bin/python3 -W ignore:setup.py install is deprecated -W ignore:easy_install command is deprecated setup.py egg_info --egg-base ../../build/p2_kf_adr build --build-base /home/student/AdR/p2_ws/build/p2_kf_adr/build install --record /home/student/AdR/p2_ws/build/p2_kf_adr/install.log --single-version-externally-managed install_data
[2.302s] DEBUG:colcon.colcon_core.event_handler.log_command:Invoked command in '/home/student/AdR/p2_ws/src/p2_kf_adr' returned '0': PYTHONPATH=/home/student/AdR/p2_ws/build/p2_kf_adr/prefix_override:/usr/lib/python3/dist-packages/colcon_core/task/python/colcon_distutils_commands:/home/student/AdR/p2_ws/install/p2_kf_adr/lib/python3.10/site-packages:${PYTHONPATH} /usr/bin/python3 -W ignore:setup.py install is deprecated -W ignore:easy_install command is deprecated setup.py egg_info --egg-base ../../build/p2_kf_adr build --build-base /home/student/AdR/p2_ws/build/p2_kf_adr/build install --record /home/student/AdR/p2_ws/build/p2_kf_adr/install.log --single-version-externally-managed install_data
[2.313s] Level 1:colcon.colcon_core.environment:checking '/home/student/AdR/p2_ws/install/p2_kf_adr' for CMake module files
[2.313s] Level 1:colcon.colcon_core.environment:checking '/home/student/AdR/p2_ws/install/p2_kf_adr' for CMake config files
[2.314s] Level 1:colcon.colcon_core.environment:checking '/home/student/AdR/p2_ws/install/p2_kf_adr/lib'
[2.315s] Level 1:colcon.colcon_core.environment:checking '/home/student/AdR/p2_ws/install/p2_kf_adr/bin'
[2.315s] Level 1:colcon.colcon_core.environment:checking '/home/student/AdR/p2_ws/install/p2_kf_adr/lib/pkgconfig/p2_kf_adr.pc'
[2.315s] Level 1:colcon.colcon_core.environment:checking '/home/student/AdR/p2_ws/install/p2_kf_adr/lib/python3.10/site-packages'
[2.315s] Level 1:colcon.colcon_core.shell:create_environment_hook('p2_kf_adr', 'pythonpath')
[2.315s] INFO:colcon.colcon_core.shell:Creating environment hook '/home/student/AdR/p2_ws/install/p2_kf_adr/share/p2_kf_adr/hook/pythonpath.ps1'
[2.316s] INFO:colcon.colcon_core.shell:Creating environment descriptor '/home/student/AdR/p2_ws/install/p2_kf_adr/share/p2_kf_adr/hook/pythonpath.dsv'
[2.316s] INFO:colcon.colcon_core.shell:Creating environment hook '/home/student/AdR/p2_ws/install/p2_kf_adr/share/p2_kf_adr/hook/pythonpath.sh'
[2.318s] Level 1:colcon.colcon_core.environment:checking '/home/student/AdR/p2_ws/install/p2_kf_adr/bin'
[2.318s] Level 1:colcon.colcon_core.environment:create_environment_scripts_only(p2_kf_adr)
[2.318s] INFO:colcon.colcon_core.shell:Creating package script '/home/student/AdR/p2_ws/install/p2_kf_adr/share/p2_kf_adr/package.ps1'
[2.321s] INFO:colcon.colcon_core.shell:Creating package descriptor '/home/student/AdR/p2_ws/install/p2_kf_adr/share/p2_kf_adr/package.dsv'
[2.322s] INFO:colcon.colcon_core.shell:Creating package script '/home/student/AdR/p2_ws/install/p2_kf_adr/share/p2_kf_adr/package.sh'
[2.323s] INFO:colcon.colcon_core.shell:Creating package script '/home/student/AdR/p2_ws/install/p2_kf_adr/share/p2_kf_adr/package.bash'
[2.326s] INFO:colcon.colcon_core.shell:Creating package script '/home/student/AdR/p2_ws/install/p2_kf_adr/share/p2_kf_adr/package.zsh'
[2.328s] Level 1:colcon.colcon_core.environment:create_file_with_runtime_dependencies(/home/student/AdR/p2_ws/install/p2_kf_adr/share/colcon-core/packages/p2_kf_adr)
[2.329s] DEBUG:colcon.colcon_parallel_executor.executor.parallel:closing loop
[2.329s] DEBUG:colcon.colcon_parallel_executor.executor.parallel:loop closed
[2.329s] DEBUG:colcon.colcon_parallel_executor.executor.parallel:run_until_complete finished with '0'
[2.329s] DEBUG:colcon.colcon_core.event_reactor:joining thread
[2.358s] INFO:colcon.colcon_core.plugin_system:Skipping extension 'colcon_notification.desktop_notification.terminal_notifier': Not used on non-Darwin systems
[2.358s] INFO:colcon.colcon_core.plugin_system:Skipping extension 'colcon_notification.desktop_notification.win32': Not used on non-Windows systems
[2.359s] INFO:colcon.colcon_notification.desktop_notification:Sending desktop notification using 'notify2'
[2.361s] DEBUG:colcon.colcon_notification.desktop_notification.notify2:Failed to initialize notify2: org.freedesktop.DBus.Error.Spawn.ExecFailed: /usr/bin/dbus-launch terminated abnormally without any error message
[2.361s] DEBUG:colcon.colcon_core.event_reactor:joined thread
[2.362s] INFO:colcon.colcon_core.shell:Creating prefix script '/home/student/AdR/p2_ws/install/local_setup.ps1'
[2.365s] INFO:colcon.colcon_core.shell:Creating prefix util module '/home/student/AdR/p2_ws/install/_local_setup_util_ps1.py'
[2.368s] INFO:colcon.colcon_core.shell:Creating prefix chain script '/home/student/AdR/p2_ws/install/setup.ps1'
[2.370s] INFO:colcon.colcon_core.shell:Creating prefix script '/home/student/AdR/p2_ws/install/local_setup.sh'
[2.372s] INFO:colcon.colcon_core.shell:Creating prefix util module '/home/student/AdR/p2_ws/install/_local_setup_util_sh.py'
[2.374s] INFO:colcon.colcon_core.shell:Creating prefix chain script '/home/student/AdR/p2_ws/install/setup.sh'
[2.376s] INFO:colcon.colcon_core.shell:Creating prefix script '/home/student/AdR/p2_ws/install/local_setup.bash'
[2.378s] INFO:colcon.colcon_core.shell:Creating prefix chain script '/home/student/AdR/p2_ws/install/setup.bash'
[2.380s] INFO:colcon.colcon_core.shell:Creating prefix script '/home/student/AdR/p2_ws/install/local_setup.zsh'
[2.381s] INFO:colcon.colcon_core.shell:Creating prefix chain script '/home/student/AdR/p2_ws/install/setup.zsh'
