[1.046s] Invoking command in '/home/student/AdR/p2_ws/src/p2_kf_adr': PYTHONPATH=/home/student/AdR/p2_ws/build/p2_kf_adr/prefix_override:/usr/lib/python3/dist-packages/colcon_core/task/python/colcon_distutils_commands:/home/student/AdR/p2_ws/install/p2_kf_adr/lib/python3.10/site-packages:${PYTHONPATH} /usr/bin/python3 -W ignore:setup.py install is deprecated -W ignore:easy_install command is deprecated setup.py egg_info --egg-base ../../build/p2_kf_adr build --build-base /home/student/AdR/p2_ws/build/p2_kf_adr/build install --record /home/student/AdR/p2_ws/build/p2_kf_adr/install.log --single-version-externally-managed install_data
[1.329s] running egg_info
[1.330s] writing ../../build/p2_kf_adr/p2_kf_adr.egg-info/PKG-INFO
[1.335s] writing dependency_links to ../../build/p2_kf_adr/p2_kf_adr.egg-info/dependency_links.txt
[1.335s] writing entry points to ../../build/p2_kf_adr/p2_kf_adr.egg-info/entry_points.txt
[1.336s] writing requirements to ../../build/p2_kf_adr/p2_kf_adr.egg-info/requires.txt
[1.336s] writing top-level names to ../../build/p2_kf_adr/p2_kf_adr.egg-info/top_level.txt
[1.338s] reading manifest file '../../build/p2_kf_adr/p2_kf_adr.egg-info/SOURCES.txt'
[1.339s] writing manifest file '../../build/p2_kf_adr/p2_kf_adr.egg-info/SOURCES.txt'
[1.340s] running build
[1.340s] running build_py
[1.340s] copying p2_kf_adr/kf_estimation.py -> /home/student/AdR/p2_ws/build/p2_kf_adr/build/lib/p2_kf_adr
[1.340s] copying p2_kf_adr/__init__.py -> /home/student/AdR/p2_ws/build/p2_kf_adr/build/lib/p2_kf_adr
[1.341s] copying p2_kf_adr/observation_models.py -> /home/student/AdR/p2_ws/build/p2_kf_adr/build/lib/p2_kf_adr
[1.341s] copying p2_kf_adr/visualization.py -> /home/student/AdR/p2_ws/build/p2_kf_adr/build/lib/p2_kf_adr
[1.342s] copying p2_kf_adr/kf_estimation_vel.py -> /home/student/AdR/p2_ws/build/p2_kf_adr/build/lib/p2_kf_adr
[1.343s] copying p2_kf_adr/motion_models.py -> /home/student/AdR/p2_ws/build/p2_kf_adr/build/lib/p2_kf_adr
[1.343s] copying p2_kf_adr/sensor_utils.py -> /home/student/AdR/p2_ws/build/p2_kf_adr/build/lib/p2_kf_adr
[1.344s] copying p2_kf_adr/filters/__init__.py -> /home/student/AdR/p2_ws/build/p2_kf_adr/build/lib/p2_kf_adr/filters
[1.344s] copying p2_kf_adr/filters/kalman_filter.py -> /home/student/AdR/p2_ws/build/p2_kf_adr/build/lib/p2_kf_adr/filters
[1.345s] running install
[1.346s] running install_lib
[1.346s] copying /home/student/AdR/p2_ws/build/p2_kf_adr/build/lib/p2_kf_adr/kf_estimation.py -> /home/student/AdR/p2_ws/install/p2_kf_adr/lib/python3.10/site-packages/p2_kf_adr
[1.347s] copying /home/student/AdR/p2_ws/build/p2_kf_adr/build/lib/p2_kf_adr/__init__.py -> /home/student/AdR/p2_ws/install/p2_kf_adr/lib/python3.10/site-packages/p2_kf_adr
[1.347s] copying /home/student/AdR/p2_ws/build/p2_kf_adr/build/lib/p2_kf_adr/observation_models.py -> /home/student/AdR/p2_ws/install/p2_kf_adr/lib/python3.10/site-packages/p2_kf_adr
[1.347s] copying /home/student/AdR/p2_ws/build/p2_kf_adr/build/lib/p2_kf_adr/visualization.py -> /home/student/AdR/p2_ws/install/p2_kf_adr/lib/python3.10/site-packages/p2_kf_adr
[1.347s] copying /home/student/AdR/p2_ws/build/p2_kf_adr/build/lib/p2_kf_adr/filters/__init__.py -> /home/student/AdR/p2_ws/install/p2_kf_adr/lib/python3.10/site-packages/p2_kf_adr/filters
[1.348s] copying /home/student/AdR/p2_ws/build/p2_kf_adr/build/lib/p2_kf_adr/filters/kalman_filter.py -> /home/student/AdR/p2_ws/install/p2_kf_adr/lib/python3.10/site-packages/p2_kf_adr/filters
[1.348s] copying /home/student/AdR/p2_ws/build/p2_kf_adr/build/lib/p2_kf_adr/kf_estimation_vel.py -> /home/student/AdR/p2_ws/install/p2_kf_adr/lib/python3.10/site-packages/p2_kf_adr
[1.348s] copying /home/student/AdR/p2_ws/build/p2_kf_adr/build/lib/p2_kf_adr/motion_models.py -> /home/student/AdR/p2_ws/install/p2_kf_adr/lib/python3.10/site-packages/p2_kf_adr
[1.348s] copying /home/student/AdR/p2_ws/build/p2_kf_adr/build/lib/p2_kf_adr/sensor_utils.py -> /home/student/AdR/p2_ws/install/p2_kf_adr/lib/python3.10/site-packages/p2_kf_adr
[1.348s] byte-compiling /home/student/AdR/p2_ws/install/p2_kf_adr/lib/python3.10/site-packages/p2_kf_adr/kf_estimation.py to kf_estimation.cpython-310.pyc
[1.349s] byte-compiling /home/student/AdR/p2_ws/install/p2_kf_adr/lib/python3.10/site-packages/p2_kf_adr/__init__.py to __init__.cpython-310.pyc
[1.350s] byte-compiling /home/student/AdR/p2_ws/install/p2_kf_adr/lib/python3.10/site-packages/p2_kf_adr/observation_models.py to observation_models.cpython-310.pyc
[1.350s] byte-compiling /home/student/AdR/p2_ws/install/p2_kf_adr/lib/python3.10/site-packages/p2_kf_adr/visualization.py to visualization.cpython-310.pyc
[1.351s] byte-compiling /home/student/AdR/p2_ws/install/p2_kf_adr/lib/python3.10/site-packages/p2_kf_adr/filters/__init__.py to __init__.cpython-310.pyc
[1.351s] byte-compiling /home/student/AdR/p2_ws/install/p2_kf_adr/lib/python3.10/site-packages/p2_kf_adr/filters/kalman_filter.py to kalman_filter.cpython-310.pyc
[1.352s] byte-compiling /home/student/AdR/p2_ws/install/p2_kf_adr/lib/python3.10/site-packages/p2_kf_adr/kf_estimation_vel.py to kf_estimation_vel.cpython-310.pyc
[1.353s] byte-compiling /home/student/AdR/p2_ws/install/p2_kf_adr/lib/python3.10/site-packages/p2_kf_adr/motion_models.py to motion_models.cpython-310.pyc
[1.353s] byte-compiling /home/student/AdR/p2_ws/install/p2_kf_adr/lib/python3.10/site-packages/p2_kf_adr/sensor_utils.py to sensor_utils.cpython-310.pyc
[1.354s] running install_data
[1.354s] copying resource/p2_kf_adr -> /home/student/AdR/p2_ws/install/p2_kf_adr/share/ament_index/resource_index/packages
[1.354s] copying package.xml -> /home/student/AdR/p2_ws/install/p2_kf_adr/share/p2_kf_adr
[1.355s] running install_egg_info
[1.356s] removing '/home/student/AdR/p2_ws/install/p2_kf_adr/lib/python3.10/site-packages/p2_kf_adr-0.0.0-py3.10.egg-info' (and everything under it)
[1.357s] Copying ../../build/p2_kf_adr/p2_kf_adr.egg-info to /home/student/AdR/p2_ws/install/p2_kf_adr/lib/python3.10/site-packages/p2_kf_adr-0.0.0-py3.10.egg-info
[1.359s] running install_scripts
[1.382s] Installing kf_estimation script to /home/student/AdR/p2_ws/install/p2_kf_adr/lib/p2_kf_adr
[1.383s] Installing kf_estimation_vel script to /home/student/AdR/p2_ws/install/p2_kf_adr/lib/p2_kf_adr
[1.383s] writing list of installed files to '/home/student/AdR/p2_ws/build/p2_kf_adr/install.log'
[1.406s] Invoked command in '/home/student/AdR/p2_ws/src/p2_kf_adr' returned '0': PYTHONPATH=/home/student/AdR/p2_ws/build/p2_kf_adr/prefix_override:/usr/lib/python3/dist-packages/colcon_core/task/python/colcon_distutils_commands:/home/student/AdR/p2_ws/install/p2_kf_adr/lib/python3.10/site-packages:${PYTHONPATH} /usr/bin/python3 -W ignore:setup.py install is deprecated -W ignore:easy_install command is deprecated setup.py egg_info --egg-base ../../build/p2_kf_adr build --build-base /home/student/AdR/p2_ws/build/p2_kf_adr/build install --record /home/student/AdR/p2_ws/build/p2_kf_adr/install.log --single-version-externally-managed install_data
