[1.072s] Invoking command in '/home/student/AdR/p2_ws/src/p2_kf_adr': PYTHONPATH=/home/student/AdR/p2_ws/build/p2_kf_adr/prefix_override:/usr/lib/python3/dist-packages/colcon_core/task/python/colcon_distutils_commands:/home/student/AdR/p2_ws/install/p2_kf_adr/lib/python3.10/site-packages:${PYTHONPATH} /usr/bin/python3 -W ignore:setup.py install is deprecated -W ignore:easy_install command is deprecated setup.py egg_info --egg-base ../../build/p2_kf_adr build --build-base /home/student/AdR/p2_ws/build/p2_kf_adr/build install --record /home/student/AdR/p2_ws/build/p2_kf_adr/install.log --single-version-externally-managed install_data
[1.360s] running egg_info
[1.361s] writing ../../build/p2_kf_adr/p2_kf_adr.egg-info/PKG-INFO
[1.367s] writing dependency_links to ../../build/p2_kf_adr/p2_kf_adr.egg-info/dependency_links.txt
[1.367s] writing entry points to ../../build/p2_kf_adr/p2_kf_adr.egg-info/entry_points.txt
[1.367s] writing requirements to ../../build/p2_kf_adr/p2_kf_adr.egg-info/requires.txt
[1.368s] writing top-level names to ../../build/p2_kf_adr/p2_kf_adr.egg-info/top_level.txt
[1.370s] reading manifest file '../../build/p2_kf_adr/p2_kf_adr.egg-info/SOURCES.txt'
[1.371s] writing manifest file '../../build/p2_kf_adr/p2_kf_adr.egg-info/SOURCES.txt'
[1.372s] running build
[1.372s] running build_py
[1.372s] copying p2_kf_adr/kf_estimation.py -> /home/student/AdR/p2_ws/build/p2_kf_adr/build/lib/p2_kf_adr
[1.373s] copying p2_kf_adr/observation_models.py -> /home/student/AdR/p2_ws/build/p2_kf_adr/build/lib/p2_kf_adr
[1.373s] copying p2_kf_adr/kf_estimation_vel.py -> /home/student/AdR/p2_ws/build/p2_kf_adr/build/lib/p2_kf_adr
[1.374s] copying p2_kf_adr/motion_models.py -> /home/student/AdR/p2_ws/build/p2_kf_adr/build/lib/p2_kf_adr
[1.375s] copying p2_kf_adr/filters/kalman_filter.py -> /home/student/AdR/p2_ws/build/p2_kf_adr/build/lib/p2_kf_adr/filters
[1.376s] running install
[1.376s] running install_lib
[1.378s] copying /home/student/AdR/p2_ws/build/p2_kf_adr/build/lib/p2_kf_adr/kf_estimation.py -> /home/student/AdR/p2_ws/install/p2_kf_adr/lib/python3.10/site-packages/p2_kf_adr
[1.378s] copying /home/student/AdR/p2_ws/build/p2_kf_adr/build/lib/p2_kf_adr/observation_models.py -> /home/student/AdR/p2_ws/install/p2_kf_adr/lib/python3.10/site-packages/p2_kf_adr
[1.379s] copying /home/student/AdR/p2_ws/build/p2_kf_adr/build/lib/p2_kf_adr/filters/kalman_filter.py -> /home/student/AdR/p2_ws/install/p2_kf_adr/lib/python3.10/site-packages/p2_kf_adr/filters
[1.379s] copying /home/student/AdR/p2_ws/build/p2_kf_adr/build/lib/p2_kf_adr/kf_estimation_vel.py -> /home/student/AdR/p2_ws/install/p2_kf_adr/lib/python3.10/site-packages/p2_kf_adr
[1.379s] copying /home/student/AdR/p2_ws/build/p2_kf_adr/build/lib/p2_kf_adr/motion_models.py -> /home/student/AdR/p2_ws/install/p2_kf_adr/lib/python3.10/site-packages/p2_kf_adr
[1.380s] byte-compiling /home/student/AdR/p2_ws/install/p2_kf_adr/lib/python3.10/site-packages/p2_kf_adr/kf_estimation.py to kf_estimation.cpython-310.pyc
[1.381s] byte-compiling /home/student/AdR/p2_ws/install/p2_kf_adr/lib/python3.10/site-packages/p2_kf_adr/observation_models.py to observation_models.cpython-310.pyc
[1.382s] byte-compiling /home/student/AdR/p2_ws/install/p2_kf_adr/lib/python3.10/site-packages/p2_kf_adr/filters/kalman_filter.py to kalman_filter.cpython-310.pyc
[1.383s] byte-compiling /home/student/AdR/p2_ws/install/p2_kf_adr/lib/python3.10/site-packages/p2_kf_adr/kf_estimation_vel.py to kf_estimation_vel.cpython-310.pyc
[1.383s] byte-compiling /home/student/AdR/p2_ws/install/p2_kf_adr/lib/python3.10/site-packages/p2_kf_adr/motion_models.py to motion_models.cpython-310.pyc
[1.384s] running install_data
[1.384s] running install_egg_info
[1.386s] removing '/home/student/AdR/p2_ws/install/p2_kf_adr/lib/python3.10/site-packages/p2_kf_adr-0.0.0-py3.10.egg-info' (and everything under it)
[1.387s] Copying ../../build/p2_kf_adr/p2_kf_adr.egg-info to /home/student/AdR/p2_ws/install/p2_kf_adr/lib/python3.10/site-packages/p2_kf_adr-0.0.0-py3.10.egg-info
[1.389s] running install_scripts
[1.415s] Installing kf_estimation script to /home/student/AdR/p2_ws/install/p2_kf_adr/lib/p2_kf_adr
[1.416s] Installing kf_estimation_vel script to /home/student/AdR/p2_ws/install/p2_kf_adr/lib/p2_kf_adr
[1.416s] writing list of installed files to '/home/student/AdR/p2_ws/build/p2_kf_adr/install.log'
[1.442s] Invoked command in '/home/student/AdR/p2_ws/src/p2_kf_adr' returned '0': PYTHONPATH=/home/student/AdR/p2_ws/build/p2_kf_adr/prefix_override:/usr/lib/python3/dist-packages/colcon_core/task/python/colcon_distutils_commands:/home/student/AdR/p2_ws/install/p2_kf_adr/lib/python3.10/site-packages:${PYTHONPATH} /usr/bin/python3 -W ignore:setup.py install is deprecated -W ignore:easy_install command is deprecated setup.py egg_info --egg-base ../../build/p2_kf_adr build --build-base /home/student/AdR/p2_ws/build/p2_kf_adr/build install --record /home/student/AdR/p2_ws/build/p2_kf_adr/install.log --single-version-externally-managed install_data
